  [1m[36m (13.9ms)[0m  [1mCREATE TABLE "schema_migrations" ("version" varchar NOT NULL) [0m
  [1m[35m (7.3ms)[0m  select sqlite_version(*)
  [1m[36m (13.3ms)[0m  [1mCREATE UNIQUE INDEX "unique_schema_migrations" ON "schema_migrations" ("version")[0m
  [1m[35mActiveRecord::SchemaMigration Load (0.1ms)[0m  SELECT "schema_migrations".* FROM "schema_migrations"
Migrating to CreateApps (20160428064750)
  [1m[36m (0.1ms)[0m  [1mbegin transaction[0m
  [1m[35m (0.6ms)[0m  CREATE TABLE "apps" ("id" INTEGER PRIMARY KEY AUTOINCREMENT NOT NULL, "name" varchar, "description" text, "link" varchar, "developer" varchar, "operation" varchar, "price" varchar, "rating" integer, "created_at" datetime NOT NULL, "updated_at" datetime NOT NULL) 
  [1m[36mSQL (0.2ms)[0m  [1mINSERT INTO "schema_migrations" ("version") VALUES (?)[0m  [["version", "20160428064750"]]
  [1m[35m (1.1ms)[0m  commit transaction
Migrating to CreateCategories (20160428085953)
  [1m[36m (0.1ms)[0m  [1mbegin transaction[0m
  [1m[35m (0.5ms)[0m  CREATE TABLE "categories" ("id" INTEGER PRIMARY KEY AUTOINCREMENT NOT NULL, "name" varchar, "description" text, "created_at" datetime NOT NULL, "updated_at" datetime NOT NULL) 
  [1m[36mSQL (0.2ms)[0m  [1mINSERT INTO "schema_migrations" ("version") VALUES (?)[0m  [["version", "20160428085953"]]
  [1m[35m (0.9ms)[0m  commit transaction
Migrating to DeviseCreateUsers (20160428113157)
  [1m[36m (0.1ms)[0m  [1mbegin transaction[0m
  [1m[35m (0.5ms)[0m  CREATE TABLE "users" ("id" INTEGER PRIMARY KEY AUTOINCREMENT NOT NULL, "email" varchar DEFAULT '' NOT NULL, "encrypted_password" varchar DEFAULT '' NOT NULL, "reset_password_token" varchar, "reset_password_sent_at" datetime, "remember_created_at" datetime, "sign_in_count" integer DEFAULT 0 NOT NULL, "current_sign_in_at" datetime, "last_sign_in_at" datetime, "current_sign_in_ip" varchar, "last_sign_in_ip" varchar, "created_at" datetime NOT NULL, "updated_at" datetime NOT NULL) 
  [1m[36m (0.4ms)[0m  [1mCREATE UNIQUE INDEX "index_users_on_email" ON "users" ("email")[0m
  [1m[35m (0.2ms)[0m              SELECT sql
            FROM sqlite_master
            WHERE name='index_users_on_email' AND type='index'
            UNION ALL
            SELECT sql
            FROM sqlite_temp_master
            WHERE name='index_users_on_email' AND type='index'

  [1m[36m (0.2ms)[0m  [1mCREATE UNIQUE INDEX "index_users_on_reset_password_token" ON "users" ("reset_password_token")[0m
  [1m[35mSQL (0.1ms)[0m  INSERT INTO "schema_migrations" ("version") VALUES (?)  [["version", "20160428113157"]]
  [1m[36m (1.1ms)[0m  [1mcommit transaction[0m
Migrating to CreateReviews (20160428141042)
  [1m[35m (0.1ms)[0m  begin transaction
  [1m[36m (0.5ms)[0m  [1mCREATE TABLE "reviews" ("id" INTEGER PRIMARY KEY AUTOINCREMENT NOT NULL, "rating" integer, "comment" text, "app_id" integer, "user_id" integer, "created_at" datetime NOT NULL, "updated_at" datetime NOT NULL) [0m
  [1m[35mSQL (0.2ms)[0m  INSERT INTO "schema_migrations" ("version") VALUES (?)  [["version", "20160428141042"]]
  [1m[36m (1.0ms)[0m  [1mcommit transaction[0m
Migrating to AddAttachmentImageToApps (20160429154525)
  [1m[35m (0.1ms)[0m  begin transaction
  [1m[36m (0.7ms)[0m  [1mALTER TABLE "apps" ADD "image_file_name" varchar[0m
  [1m[35m (0.3ms)[0m  ALTER TABLE "apps" ADD "image_content_type" varchar
  [1m[36m (0.2ms)[0m  [1mALTER TABLE "apps" ADD "image_file_size" integer[0m
  [1m[35m (0.2ms)[0m  ALTER TABLE "apps" ADD "image_updated_at" datetime
  [1m[36mSQL (0.2ms)[0m  [1mINSERT INTO "schema_migrations" ("version") VALUES (?)[0m  [["version", "20160429154525"]]
  [1m[35m (0.7ms)[0m  commit transaction
Migrating to AddCategoryIdToApps (20160504173015)
  [1m[36m (0.1ms)[0m  [1mbegin transaction[0m
  [1m[35m (0.3ms)[0m  ALTER TABLE "apps" ADD "category_id" integer
  [1m[36mSQL (0.1ms)[0m  [1mINSERT INTO "schema_migrations" ("version") VALUES (?)[0m  [["version", "20160504173015"]]
  [1m[35m (0.7ms)[0m  commit transaction
Migrating to AddReviewIdToApps (20160504200429)
  [1m[36m (0.1ms)[0m  [1mbegin transaction[0m
  [1m[35m (0.3ms)[0m  ALTER TABLE "apps" ADD "review_id" integer
  [1m[36mSQL (0.1ms)[0m  [1mINSERT INTO "schema_migrations" ("version") VALUES (?)[0m  [["version", "20160504200429"]]
  [1m[35m (0.8ms)[0m  commit transaction
Migrating to AddCategoryNameToApps (20160504225815)
  [1m[36m (0.1ms)[0m  [1mbegin transaction[0m
  [1m[35m (0.5ms)[0m  ALTER TABLE "apps" ADD "category" varchar
  [1m[36mSQL (0.2ms)[0m  [1mINSERT INTO "schema_migrations" ("version") VALUES (?)[0m  [["version", "20160504225815"]]
  [1m[35m (0.9ms)[0m  commit transaction
  [1m[36mActiveRecord::SchemaMigration Load (0.1ms)[0m  [1mSELECT "schema_migrations".* FROM "schema_migrations"[0m
  [1m[35m (0.1ms)[0m              SELECT sql
            FROM sqlite_master
            WHERE name='index_users_on_reset_password_token' AND type='index'
            UNION ALL
            SELECT sql
            FROM sqlite_temp_master
            WHERE name='index_users_on_reset_password_token' AND type='index'

  [1m[36m (0.1ms)[0m  [1m            SELECT sql
            FROM sqlite_master
            WHERE name='index_users_on_email' AND type='index'
            UNION ALL
            SELECT sql
            FROM sqlite_temp_master
            WHERE name='index_users_on_email' AND type='index'
[0m


Started GET "/" for ::1 at 2016-05-05 09:20:23 +0200
  [1m[36mActiveRecord::SchemaMigration Load (0.2ms)[0m  [1mSELECT "schema_migrations".* FROM "schema_migrations"[0m
Processing by DemoController#hello as HTML
  [1m[35mApp Load (0.7ms)[0m  SELECT  "apps".* FROM "apps" WHERE "apps"."category_id" = ?  ORDER BY "apps"."id" ASC LIMIT 4  [["category_id", 1]]
  [1m[36mApp Load (0.2ms)[0m  [1mSELECT  "apps".* FROM "apps" WHERE "apps"."category_id" = ? LIMIT 4[0m  [["category_id", 2]]
  [1m[35mApp Load (0.1ms)[0m  SELECT  "apps".* FROM "apps" WHERE "apps"."category_id" = ? LIMIT 4  [["category_id", 3]]
  Rendered demo/hello.html.erb within layouts/application (7221.0ms)
  [1m[36mCategory Load (0.6ms)[0m  [1mSELECT "categories".* FROM "categories"[0m
Completed 200 OK in 7350ms (Views: 7264.5ms | ActiveRecord: 2.3ms)


Started GET "/assets/application.self-548047386f81b59199fbbc21ec4abb960ce6e2135b21efd503cb3deecfc81f25.css?body=1" for ::1 at 2016-05-05 09:20:30 +0200


Started GET "/assets/bootstrap/button.self-e74d33ba39500940a78d6fa4d2d64f6ca7fd86d60a2149641f7fde7ba711d8a1.js?body=1" for ::1 at 2016-05-05 09:20:30 +0200


Started GET "/assets/bootstrap/alert.self-d8b7bd612b3dcfdefb7b5539b9d5848d66ccbd3e7af8bb8d48bfb3288aaa7be8.js?body=1" for ::1 at 2016-05-05 09:20:30 +0200


Started GET "/assets/bootstrap/carousel.self-35d204878d906298e55bc24553e11fd89b980fc4ffe5792fe36af8c0da289c54.js?body=1" for ::1 at 2016-05-05 09:20:30 +0200


Started GET "/assets/bootstrap/collapse.self-056c40532d9f0f126ec17e839f60c942f573fbd61a086e7f156306e3fc5e8c1f.js?body=1" for ::1 at 2016-05-05 09:20:30 +0200


Started GET "/assets/bootstrap/affix.self-3555752f8a930795ee9e56751a52e6871104ae85d01b3ab8363da3802a5ecc78.js?body=1" for ::1 at 2016-05-05 09:20:30 +0200


Started GET "/assets/bootstrap/dropdown.self-e56c2ffee4618411d43ecf15c89273f6223847ad756e1cd17545d04afa732ed4.js?body=1" for ::1 at 2016-05-05 09:20:30 +0200


Started GET "/assets/bootstrap/modal.self-62463080dba6b9d024ff0a3192da0e76eacbc683194f3395047c6f5cfa0acb59.js?body=1" for ::1 at 2016-05-05 09:20:30 +0200


Started GET "/assets/bootstrap/scrollspy.self-52afd90e8ba97d9f08617a13986e8869d6c4a45751c0bff59a6f91241e722aca.js?body=1" for ::1 at 2016-05-05 09:20:30 +0200


Started GET "/assets/bootstrap/tab.self-dad0d5c377f9fae26394484535ebb23ccf68afae084f896af6ea4cdf8c9f6ae0.js?body=1" for ::1 at 2016-05-05 09:20:30 +0200


Started GET "/assets/bootstrap/transition.self-3b268d4cd8c79e46ded7392885f72f64ffb5b0d49948a12b8cf9779f6163e13a.js?body=1" for ::1 at 2016-05-05 09:20:30 +0200


Started GET "/assets/bootstrap/tooltip.self-facdc69246a072acb927ded77ff655f7c27a518b9357fddd45d119fbc8a0ab9f.js?body=1" for ::1 at 2016-05-05 09:20:30 +0200


Started GET "/assets/bootstrap/popover.self-210cff1fb4b72b71a29b5122180cb5937c8145cd13a934dc838280f1d9607a3e.js?body=1" for ::1 at 2016-05-05 09:20:30 +0200


Started GET "/assets/bootstrap-sprockets.self-fbfa5ad7d9aa0afe439ec4ff3883acc4cb92b62cb67c40d674320c9aa1d4642d.js?body=1" for ::1 at 2016-05-05 09:20:30 +0200


Started GET "/assets/turbolinks.self-c37727e9bd6b2735da5c311aa83fead54ed0be6cc8bd9a65309e9c5abe2cbfff.js?body=1" for ::1 at 2016-05-05 09:20:30 +0200


Started GET "/assets/apps.self-877aef30ae1b040ab8a3aba4e3e309a11d7f2612f44dde450b5c157aa5f95c05.js?body=1" for ::1 at 2016-05-05 09:20:30 +0200


Started GET "/assets/categories.self-877aef30ae1b040ab8a3aba4e3e309a11d7f2612f44dde450b5c157aa5f95c05.js?body=1" for ::1 at 2016-05-05 09:20:30 +0200


Started GET "/assets/demo.self-877aef30ae1b040ab8a3aba4e3e309a11d7f2612f44dde450b5c157aa5f95c05.js?body=1" for ::1 at 2016-05-05 09:20:30 +0200


Started GET "/assets/jquery.raty.self-628421be04f36f7a8fa8b9b884c6d7824d6f8bdeba4f172b131f15aa63f713e8.js?body=1" for ::1 at 2016-05-05 09:20:30 +0200


Started GET "/assets/reviews.self-877aef30ae1b040ab8a3aba4e3e309a11d7f2612f44dde450b5c157aa5f95c05.js?body=1" for ::1 at 2016-05-05 09:20:30 +0200


Started GET "/assets/store.self-877aef30ae1b040ab8a3aba4e3e309a11d7f2612f44dde450b5c157aa5f95c05.js?body=1" for ::1 at 2016-05-05 09:20:30 +0200


Started GET "/assets/application.self-7862a8a8b42407b4741a1adeeea35f0d13ddc4f702ec532adb0674491d296495.js?body=1" for ::1 at 2016-05-05 09:20:30 +0200


Started GET "/assets/bootstrap/glyphicons-halflings-regular-a26394f7ede100ca118eff2eda08596275a9839b959c226e15439557a5a80742.woff" for ::1 at 2016-05-05 09:20:30 +0200


Started GET "/apps" for ::1 at 2016-05-05 09:20:54 +0200
Processing by AppsController#index as HTML
  [1m[35mApp Load (0.3ms)[0m  SELECT "apps".* FROM "apps"
  Rendered apps/index.html.erb within layouts/application (2.6ms)
  [1m[36mCategory Load (0.2ms)[0m  [1mSELECT "categories".* FROM "categories"[0m
Completed 200 OK in 68ms (Views: 66.5ms | ActiveRecord: 0.5ms)


Started GET "/apps/new" for ::1 at 2016-05-05 09:21:02 +0200
Processing by AppsController#new as HTML
Completed 401 Unauthorized in 16ms (ActiveRecord: 0.0ms)


Started GET "/users/sign_in" for ::1 at 2016-05-05 09:21:02 +0200
Processing by Devise::SessionsController#new as HTML
  Rendered devise/shared/_links.html.erb (73.5ms)
  Rendered devise/sessions/new.html.erb within layouts/application (414.3ms)
  [1m[35mCategory Load (0.3ms)[0m  SELECT "categories".* FROM "categories"
Completed 200 OK in 484ms (Views: 467.4ms | ActiveRecord: 0.7ms)


Started GET "/" for ::1 at 2016-05-05 09:21:07 +0200
Processing by DemoController#hello as HTML
  [1m[36mApp Load (0.1ms)[0m  [1mSELECT  "apps".* FROM "apps" WHERE "apps"."category_id" = ?  ORDER BY "apps"."id" ASC LIMIT 4[0m  [["category_id", 1]]
  [1m[35mApp Load (0.1ms)[0m  SELECT  "apps".* FROM "apps" WHERE "apps"."category_id" = ? LIMIT 4  [["category_id", 2]]
  [1m[36mApp Load (0.1ms)[0m  [1mSELECT  "apps".* FROM "apps" WHERE "apps"."category_id" = ? LIMIT 4[0m  [["category_id", 3]]
  Rendered demo/hello.html.erb within layouts/application (46.7ms)
  [1m[35mCategory Load (0.2ms)[0m  SELECT "categories".* FROM "categories"
Completed 200 OK in 75ms (Views: 73.5ms | ActiveRecord: 0.5ms)


Started GET "/" for 127.0.0.1 at 2016-05-05 09:22:03 +0200
Processing by DemoController#hello as HTML
  [1m[36mApp Load (0.1ms)[0m  [1mSELECT  "apps".* FROM "apps" WHERE "apps"."category_id" = ?  ORDER BY "apps"."id" ASC LIMIT 4[0m  [["category_id", 1]]
  [1m[35mApp Load (0.1ms)[0m  SELECT  "apps".* FROM "apps" WHERE "apps"."category_id" = ? LIMIT 4  [["category_id", 2]]
  [1m[36mApp Load (0.1ms)[0m  [1mSELECT  "apps".* FROM "apps" WHERE "apps"."category_id" = ? LIMIT 4[0m  [["category_id", 3]]
  Rendered demo/hello.html.erb within layouts/application (43.3ms)
  [1m[35mCategory Load (0.2ms)[0m  SELECT "categories".* FROM "categories"
Completed 200 OK in 162ms (Views: 160.2ms | ActiveRecord: 0.5ms)


Started GET "/categories/new" for 127.0.0.1 at 2016-05-05 09:22:04 +0200
Processing by CategoriesController#new as HTML
  Rendered categories/_form.html.erb (5.7ms)
  Rendered categories/new.html.erb within layouts/application (8.1ms)
  [1m[36mCategory Load (0.2ms)[0m  [1mSELECT "categories".* FROM "categories"[0m
Completed 200 OK in 75ms (Views: 70.3ms | ActiveRecord: 0.4ms)


Started GET "/categories/new" for ::1 at 2016-05-05 09:22:04 +0200
Processing by CategoriesController#new as HTML
  Rendered categories/_form.html.erb (1.1ms)
  Rendered categories/new.html.erb within layouts/application (1.7ms)
  [1m[35mCategory Load (0.1ms)[0m  SELECT "categories".* FROM "categories"
Completed 200 OK in 62ms (Views: 60.7ms | ActiveRecord: 0.1ms)


Started GET "/" for ::1 at 2016-05-05 09:23:18 +0200
  [1m[36mActiveRecord::SchemaMigration Load (0.2ms)[0m  [1mSELECT "schema_migrations".* FROM "schema_migrations"[0m
Processing by DemoController#hello as HTML
  [1m[35mApp Load (0.5ms)[0m  SELECT  "apps".* FROM "apps" WHERE "apps"."category_id" = ?  ORDER BY "apps"."id" ASC LIMIT 4  [["category_id", 1]]
  [1m[36mApp Load (0.3ms)[0m  [1mSELECT  "apps".* FROM "apps" WHERE "apps"."category_id" = ? LIMIT 4[0m  [["category_id", 2]]
  [1m[35mApp Load (0.2ms)[0m  SELECT  "apps".* FROM "apps" WHERE "apps"."category_id" = ? LIMIT 4  [["category_id", 3]]
  Rendered demo/hello.html.erb within layouts/application (667.8ms)
  [1m[36mCategory Load (0.2ms)[0m  [1mSELECT "categories".* FROM "categories"[0m
Completed 200 OK in 813ms (Views: 727.6ms | ActiveRecord: 1.9ms)


Started GET "/categories/new" for ::1 at 2016-05-05 09:26:47 +0200
Processing by CategoriesController#new as HTML
  Rendered categories/_form.html.erb (120.0ms)
  Rendered categories/new.html.erb within layouts/application (125.1ms)
  [1m[35mCategory Load (0.3ms)[0m  SELECT "categories".* FROM "categories"
Completed 200 OK in 194ms (Views: 187.6ms | ActiveRecord: 0.5ms)


Started GET "/" for ::1 at 2016-05-05 09:26:57 +0200
Processing by DemoController#hello as HTML
  [1m[36mApp Load (0.1ms)[0m  [1mSELECT  "apps".* FROM "apps" WHERE "apps"."category_id" = ?  ORDER BY "apps"."id" ASC LIMIT 4[0m  [["category_id", 1]]
  [1m[35mApp Load (0.1ms)[0m  SELECT  "apps".* FROM "apps" WHERE "apps"."category_id" = ? LIMIT 4  [["category_id", 2]]
  [1m[36mApp Load (0.1ms)[0m  [1mSELECT  "apps".* FROM "apps" WHERE "apps"."category_id" = ? LIMIT 4[0m  [["category_id", 3]]
  Rendered demo/hello.html.erb within layouts/application (53.3ms)
  [1m[35mCategory Load (0.3ms)[0m  SELECT "categories".* FROM "categories"
Completed 200 OK in 86ms (Views: 84.5ms | ActiveRecord: 0.5ms)


Started GET "/" for ::1 at 2016-05-05 09:26:58 +0200
Processing by DemoController#hello as HTML
  [1m[36mApp Load (0.1ms)[0m  [1mSELECT  "apps".* FROM "apps" WHERE "apps"."category_id" = ?  ORDER BY "apps"."id" ASC LIMIT 4[0m  [["category_id", 1]]
  [1m[35mApp Load (0.1ms)[0m  SELECT  "apps".* FROM "apps" WHERE "apps"."category_id" = ? LIMIT 4  [["category_id", 2]]
  [1m[36mApp Load (0.1ms)[0m  [1mSELECT  "apps".* FROM "apps" WHERE "apps"."category_id" = ? LIMIT 4[0m  [["category_id", 3]]
  Rendered demo/hello.html.erb within layouts/application (131.7ms)
  [1m[35mCategory Load (0.3ms)[0m  SELECT "categories".* FROM "categories"
Completed 200 OK in 168ms (Views: 166.1ms | ActiveRecord: 0.5ms)


Started GET "/users/sign_up" for ::1 at 2016-05-05 09:27:06 +0200
Processing by Devise::RegistrationsController#new as HTML
  Rendered devise/shared/_links.html.erb (2.1ms)
  Rendered devise/registrations/new.html.erb within layouts/application (339.4ms)
  [1m[36mCategory Load (0.1ms)[0m  [1mSELECT "categories".* FROM "categories"[0m
Completed 200 OK in 407ms (Views: 390.9ms | ActiveRecord: 0.4ms)


Started POST "/users" for ::1 at 2016-05-05 09:27:21 +0200
Processing by Devise::RegistrationsController#create as HTML
  Parameters: {"utf8"=>"✓", "authenticity_token"=>"4BsE+EDEIWDWTbKFQk3ppS6jRn9FeBQmGf+I/y2rXb2Hp3yiDhKHRvaJSmxbLyi9U9zvxFTS0QIOT7GZNNjQ7w==", "user"=>{"email"=>"mariatravelling@hotmail.com", "password"=>"[FILTERED]", "password_confirmation"=>"[FILTERED]"}, "commit"=>"Sign up"}
  [1m[35m (0.1ms)[0m  begin transaction
  [1m[36mUser Exists (0.7ms)[0m  [1mSELECT  1 AS one FROM "users" WHERE "users"."email" = 'mariatravelling@hotmail.com' LIMIT 1[0m
  [1m[35mSQL (1.6ms)[0m  INSERT INTO "users" ("email", "encrypted_password", "created_at", "updated_at") VALUES (?, ?, ?, ?)  [["email", "mariatravelling@hotmail.com"], ["encrypted_password", "$2a$10$cm/uCIdczQ8geqbOJ3wWHuwFqG.kZkbGEoSarlq0fJl3De75Hb/7i"], ["created_at", "2016-05-05 07:27:21.716092"], ["updated_at", "2016-05-05 07:27:21.716092"]]
  [1m[36m (1.1ms)[0m  [1mcommit transaction[0m
  [1m[35m (0.1ms)[0m  begin transaction
  [1m[36mSQL (0.4ms)[0m  [1mUPDATE "users" SET "last_sign_in_at" = ?, "current_sign_in_at" = ?, "last_sign_in_ip" = ?, "current_sign_in_ip" = ?, "sign_in_count" = ?, "updated_at" = ? WHERE "users"."id" = ?[0m  [["last_sign_in_at", "2016-05-05 07:27:21.722258"], ["current_sign_in_at", "2016-05-05 07:27:21.722258"], ["last_sign_in_ip", "::1"], ["current_sign_in_ip", "::1"], ["sign_in_count", 1], ["updated_at", "2016-05-05 07:27:21.723562"], ["id", 1]]
  [1m[35m (1.1ms)[0m  commit transaction
Redirected to http://localhost:3000/apps/new
Completed 302 Found in 138ms (ActiveRecord: 5.1ms)


Started GET "/apps/new" for ::1 at 2016-05-05 09:27:21 +0200
Processing by AppsController#new as HTML
  [1m[36mUser Load (0.2ms)[0m  [1mSELECT  "users".* FROM "users" WHERE "users"."id" = ?  ORDER BY "users"."id" ASC LIMIT 1[0m  [["id", 1]]
  [1m[35mCategory Load (0.2ms)[0m  SELECT "categories".* FROM "categories"  ORDER BY "categories"."name" ASC
  Rendered apps/_form.html.erb (10.4ms)
  Rendered apps/new.html.erb within layouts/application (12.3ms)
  [1m[36mCategory Load (0.2ms)[0m  [1mSELECT "categories".* FROM "categories"[0m
Completed 200 OK in 159ms (Views: 142.3ms | ActiveRecord: 0.7ms)


Started POST "/categories" for ::1 at 2016-05-05 09:27:45 +0200
Processing by CategoriesController#create as HTML
  Parameters: {"utf8"=>"✓", "authenticity_token"=>"PpTB0J/3uayMwgsC4Fw9v/FsMZNkL8oQVIRMGa2AQ0FZKLmK0SEfiqwG8+v5PvynjBOYKHWFDzRDNHV/tPPOEw==", "category"=>{"name"=>"Blind ", "description"=>"testing1"}, "commit"=>"Create Category"}
  [1m[35m (0.1ms)[0m  begin transaction
  [1m[36mSQL (0.5ms)[0m  [1mINSERT INTO "categories" ("name", "description", "created_at", "updated_at") VALUES (?, ?, ?, ?)[0m  [["name", "Blind "], ["description", "testing1"], ["created_at", "2016-05-05 07:27:45.398528"], ["updated_at", "2016-05-05 07:27:45.398528"]]
  [1m[35m (9.0ms)[0m  commit transaction
Redirected to http://localhost:3000/categories/1
Completed 302 Found in 15ms (ActiveRecord: 9.6ms)


Started GET "/categories/1" for ::1 at 2016-05-05 09:27:45 +0200
Processing by CategoriesController#show as HTML
  Parameters: {"id"=>"1"}
  [1m[36mCategory Load (0.2ms)[0m  [1mSELECT  "categories".* FROM "categories" WHERE "categories"."id" = ? LIMIT 1[0m  [["id", 1]]
  Rendered categories/show.html.erb within layouts/application (1.3ms)
  [1m[35mUser Load (0.1ms)[0m  SELECT  "users".* FROM "users" WHERE "users"."id" = ?  ORDER BY "users"."id" ASC LIMIT 1  [["id", 1]]
  [1m[36mCategory Load (0.2ms)[0m  [1mSELECT "categories".* FROM "categories"[0m
Completed 200 OK in 64ms (Views: 59.8ms | ActiveRecord: 0.5ms)


Started GET "/apps/new" for ::1 at 2016-05-05 09:27:50 +0200
Processing by AppsController#new as HTML
  [1m[35mUser Load (0.2ms)[0m  SELECT  "users".* FROM "users" WHERE "users"."id" = ?  ORDER BY "users"."id" ASC LIMIT 1  [["id", 1]]
  [1m[36mCategory Load (0.2ms)[0m  [1mSELECT "categories".* FROM "categories"  ORDER BY "categories"."name" ASC[0m
  Rendered apps/_form.html.erb (3.8ms)
  Rendered apps/new.html.erb within layouts/application (4.6ms)
  [1m[35mCategory Load (0.2ms)[0m  SELECT "categories".* FROM "categories"
Completed 200 OK in 54ms (Views: 50.6ms | ActiveRecord: 0.6ms)


Started POST "/apps" for ::1 at 2016-05-05 09:28:10 +0200
Processing by AppsController#create as HTML
  Parameters: {"utf8"=>"✓", "authenticity_token"=>"yyqKxR3fPYWDx8p2GOygMwiLX2WTBxh+ueN+MWA+YEOslvKfUwmbo6MDMp8BjmErdfT23oKt3VquU0dXeU3tEQ==", "app"=>{"image"=>#<ActionDispatch::Http::UploadedFile:0x007fe28fbef5b8 @tempfile=#<Tempfile:/var/folders/4t/ln9h_f3j1lx5bflgrds51s_80000gn/T/RackMultipart20160505-758-1fur0ay.jpg>, @original_filename="me.jpg", @content_type="image/jpeg", @headers="Content-Disposition: form-data; name=\"app[image]\"; filename=\"me.jpg\"\r\nContent-Type: image/jpeg\r\n">, "name"=>"Blind App", "price"=>"2.4", "rating"=>"6", "category_id"=>"1"}, "commit"=>"Create App"}
Command :: PATH=C:\tools\GnuWin32\bin:$PATH; file -b --mime '/var/folders/4t/ln9h_f3j1lx5bflgrds51s_80000gn/T/ab86a1e1ef70dff97959067b723c5c2420160505-758-1ni4qhg.jpg'
Command :: PATH=C:\tools\GnuWin32\bin:$PATH; identify -format '%wx%h,%[exif:orientation]' '/var/folders/4t/ln9h_f3j1lx5bflgrds51s_80000gn/T/ab86a1e1ef70dff97959067b723c5c2420160505-758-eubho1.jpg[0]' 2>/dev/null
Command :: PATH=C:\tools\GnuWin32\bin:$PATH; identify -format %m '/var/folders/4t/ln9h_f3j1lx5bflgrds51s_80000gn/T/ab86a1e1ef70dff97959067b723c5c2420160505-758-eubho1.jpg[0]'
Command :: PATH=C:\tools\GnuWin32\bin:$PATH; convert '/var/folders/4t/ln9h_f3j1lx5bflgrds51s_80000gn/T/ab86a1e1ef70dff97959067b723c5c2420160505-758-eubho1.jpg[0]' -auto-orient -resize "300x300>" '/var/folders/4t/ln9h_f3j1lx5bflgrds51s_80000gn/T/89920e1c409fdd7fa106cea79dbbc07c20160505-758-slxibl'
Command :: PATH=C:\tools\GnuWin32\bin:$PATH; identify -format '%wx%h,%[exif:orientation]' '/var/folders/4t/ln9h_f3j1lx5bflgrds51s_80000gn/T/ab86a1e1ef70dff97959067b723c5c2420160505-758-eubho1.jpg[0]' 2>/dev/null
Command :: PATH=C:\tools\GnuWin32\bin:$PATH; identify -format %m '/var/folders/4t/ln9h_f3j1lx5bflgrds51s_80000gn/T/ab86a1e1ef70dff97959067b723c5c2420160505-758-eubho1.jpg[0]'
Command :: PATH=C:\tools\GnuWin32\bin:$PATH; convert '/var/folders/4t/ln9h_f3j1lx5bflgrds51s_80000gn/T/ab86a1e1ef70dff97959067b723c5c2420160505-758-eubho1.jpg[0]' -auto-orient -resize "100x100>" '/var/folders/4t/ln9h_f3j1lx5bflgrds51s_80000gn/T/89920e1c409fdd7fa106cea79dbbc07c20160505-758-zcv1ad'
  [1m[36m (0.1ms)[0m  [1mbegin transaction[0m
Command :: PATH=C:\tools\GnuWin32\bin:$PATH; file -b --mime '/var/folders/4t/ln9h_f3j1lx5bflgrds51s_80000gn/T/ab86a1e1ef70dff97959067b723c5c2420160505-758-1irzoo2.jpg'
  [1m[35mSQL (0.5ms)[0m  INSERT INTO "apps" ("name", "rating", "image_file_name", "image_content_type", "image_file_size", "image_updated_at", "price", "category_id", "created_at", "updated_at") VALUES (?, ?, ?, ?, ?, ?, ?, ?, ?, ?)  [["name", "Blind App"], ["rating", 6], ["image_file_name", "me.jpg"], ["image_content_type", "image/jpeg"], ["image_file_size", 2171075], ["image_updated_at", "2016-05-05 07:28:10.305225"], ["price", "2.4"], ["category_id", 1], ["created_at", "2016-05-05 07:28:12.086752"], ["updated_at", "2016-05-05 07:28:12.086752"]]
  [1m[36m (2.4ms)[0m  [1mcommit transaction[0m
Redirected to http://localhost:3000/apps/1
Completed 302 Found in 1813ms (ActiveRecord: 3.0ms)


Started GET "/apps/1" for ::1 at 2016-05-05 09:28:12 +0200
Processing by AppsController#show as HTML
  Parameters: {"id"=>"1"}
  [1m[35mApp Load (0.2ms)[0m  SELECT  "apps".* FROM "apps" WHERE "apps"."id" = ? LIMIT 1  [["id", 1]]
  [1m[36mCACHE (0.0ms)[0m  [1mSELECT  "apps".* FROM "apps" WHERE "apps"."id" = ? LIMIT 1[0m  [["id", "1"]]
  [1m[35mCategory Load (0.2ms)[0m  SELECT  "categories".* FROM "categories" WHERE "categories"."id" = ? LIMIT 1  [["id", 1]]
  [1m[36m (0.5ms)[0m  [1mSELECT COUNT(*) FROM "reviews" WHERE "reviews"."app_id" = ?[0m  [["app_id", 1]]
  [1m[35mReview Load (0.3ms)[0m  SELECT "reviews".* FROM "reviews" WHERE "reviews"."app_id" = ?  [["app_id", 1]]
  Rendered collection (0.0ms)
  Rendered apps/show.html.erb within layouts/application (139.6ms)
  [1m[36mUser Load (0.2ms)[0m  [1mSELECT  "users".* FROM "users" WHERE "users"."id" = ?  ORDER BY "users"."id" ASC LIMIT 1[0m  [["id", 1]]
  [1m[35mCategory Load (0.2ms)[0m  SELECT "categories".* FROM "categories"
Completed 200 OK in 217ms (Views: 213.1ms | ActiveRecord: 1.8ms)


Started GET "/" for ::1 at 2016-05-05 09:28:27 +0200
Processing by DemoController#hello as HTML
  [1m[36mApp Load (0.1ms)[0m  [1mSELECT  "apps".* FROM "apps" WHERE "apps"."category_id" = ?  ORDER BY "apps"."id" ASC LIMIT 4[0m  [["category_id", 1]]
  [1m[35mCategory Load (0.1ms)[0m  SELECT  "categories".* FROM "categories" WHERE "categories"."id" = ? LIMIT 1  [["id", 1]]
  [1m[36mApp Load (0.2ms)[0m  [1mSELECT  "apps".* FROM "apps" WHERE "apps"."category_id" = ? LIMIT 4[0m  [["category_id", 2]]
  [1m[35mApp Load (0.1ms)[0m  SELECT  "apps".* FROM "apps" WHERE "apps"."category_id" = ? LIMIT 4  [["category_id", 3]]
  Rendered demo/hello.html.erb within layouts/application (60.9ms)
  [1m[36mUser Load (0.1ms)[0m  [1mSELECT  "users".* FROM "users" WHERE "users"."id" = ?  ORDER BY "users"."id" ASC LIMIT 1[0m  [["id", 1]]
  [1m[35mCategory Load (0.2ms)[0m  SELECT "categories".* FROM "categories"
Completed 200 OK in 90ms (Views: 88.3ms | ActiveRecord: 0.9ms)


Started GET "/store" for ::1 at 2016-05-05 09:28:50 +0200
Processing by StoreController#index as HTML
  [1m[36mApp Load (0.2ms)[0m  [1mSELECT "apps".* FROM "apps"  ORDER BY "apps"."name" ASC[0m
  [1m[35mCategory Load (0.2ms)[0m  SELECT  "categories".* FROM "categories" WHERE "categories"."id" = ? LIMIT 1  [["id", 1]]
  Rendered store/index.html.erb within layouts/application (14.1ms)
  [1m[36mUser Load (0.3ms)[0m  [1mSELECT  "users".* FROM "users" WHERE "users"."id" = ?  ORDER BY "users"."id" ASC LIMIT 1[0m  [["id", 1]]
  [1m[35mCategory Load (0.3ms)[0m  SELECT "categories".* FROM "categories"
Completed 200 OK in 79ms (Views: 77.1ms | ActiveRecord: 1.0ms)


Started GET "/store" for ::1 at 2016-05-05 09:28:50 +0200
Processing by StoreController#index as HTML
  [1m[36mApp Load (0.2ms)[0m  [1mSELECT "apps".* FROM "apps"  ORDER BY "apps"."name" ASC[0m
  [1m[35mCategory Load (0.1ms)[0m  SELECT  "categories".* FROM "categories" WHERE "categories"."id" = ? LIMIT 1  [["id", 1]]
  Rendered store/index.html.erb within layouts/application (4.2ms)
  [1m[36mUser Load (0.2ms)[0m  [1mSELECT  "users".* FROM "users" WHERE "users"."id" = ?  ORDER BY "users"."id" ASC LIMIT 1[0m  [["id", 1]]
  [1m[35mCategory Load (0.3ms)[0m  SELECT "categories".* FROM "categories"
Completed 200 OK in 99ms (Views: 96.0ms | ActiveRecord: 0.9ms)


Started GET "/" for ::1 at 2016-05-05 09:29:43 +0200
Processing by DemoController#hello as HTML
  [1m[36mApp Load (0.1ms)[0m  [1mSELECT  "apps".* FROM "apps" WHERE "apps"."category_id" = ?  ORDER BY "apps"."id" ASC LIMIT 4[0m  [["category_id", 1]]
  [1m[35mCategory Load (0.1ms)[0m  SELECT  "categories".* FROM "categories" WHERE "categories"."id" = ? LIMIT 1  [["id", 1]]
  [1m[36mApp Load (0.1ms)[0m  [1mSELECT  "apps".* FROM "apps" WHERE "apps"."category_id" = ? LIMIT 4[0m  [["category_id", 2]]
  [1m[35mApp Load (0.1ms)[0m  SELECT  "apps".* FROM "apps" WHERE "apps"."category_id" = ? LIMIT 4  [["category_id", 3]]
  Rendered demo/hello.html.erb within layouts/application (134.9ms)
  [1m[36mUser Load (0.2ms)[0m  [1mSELECT  "users".* FROM "users" WHERE "users"."id" = ?  ORDER BY "users"."id" ASC LIMIT 1[0m  [["id", 1]]
  [1m[35mCategory Load (0.2ms)[0m  SELECT "categories".* FROM "categories"
Completed 200 OK in 164ms (Views: 161.5ms | ActiveRecord: 0.7ms)


Started GET "/users/sign_up" for ::1 at 2016-05-05 09:31:06 +0200
Processing by Devise::RegistrationsController#new as HTML
  [1m[36mUser Load (0.2ms)[0m  [1mSELECT  "users".* FROM "users" WHERE "users"."id" = ?  ORDER BY "users"."id" ASC LIMIT 1[0m  [["id", 1]]
Redirected to http://localhost:3000/
Filter chain halted as :require_no_authentication rendered or redirected
Completed 302 Found in 3ms (ActiveRecord: 0.2ms)


Started GET "/" for ::1 at 2016-05-05 09:31:06 +0200
Processing by DemoController#hello as HTML
  [1m[35mApp Load (0.1ms)[0m  SELECT  "apps".* FROM "apps" WHERE "apps"."category_id" = ?  ORDER BY "apps"."id" ASC LIMIT 4  [["category_id", 1]]
  [1m[36mCategory Load (0.1ms)[0m  [1mSELECT  "categories".* FROM "categories" WHERE "categories"."id" = ? LIMIT 1[0m  [["id", 1]]
  [1m[35mApp Load (0.1ms)[0m  SELECT  "apps".* FROM "apps" WHERE "apps"."category_id" = ? LIMIT 4  [["category_id", 2]]
  [1m[36mApp Load (0.1ms)[0m  [1mSELECT  "apps".* FROM "apps" WHERE "apps"."category_id" = ? LIMIT 4[0m  [["category_id", 3]]
  Rendered demo/hello.html.erb within layouts/application (87.4ms)
  [1m[35mUser Load (0.2ms)[0m  SELECT  "users".* FROM "users" WHERE "users"."id" = ?  ORDER BY "users"."id" ASC LIMIT 1  [["id", 1]]
  [1m[36mCategory Load (0.2ms)[0m  [1mSELECT "categories".* FROM "categories"[0m
Completed 200 OK in 114ms (Views: 112.8ms | ActiveRecord: 0.7ms)


Started DELETE "/users/sign_out" for ::1 at 2016-05-05 09:31:07 +0200
Processing by Devise::SessionsController#destroy as HTML
  Parameters: {"authenticity_token"=>"BE6Im+Pf4dmqMvRPd446dml+innOY0W7zb7EJXRZ8lxj8vDBrQlH/4r2DKZu7PtuFAEjwt/JgJ/aDv1DbSp/Dg=="}
  [1m[35mUser Load (0.2ms)[0m  SELECT  "users".* FROM "users" WHERE "users"."id" = ?  ORDER BY "users"."id" ASC LIMIT 1  [["id", 1]]
  [1m[36m (0.1ms)[0m  [1mbegin transaction[0m
  [1m[35m (0.1ms)[0m  commit transaction
Redirected to http://localhost:3000/
Completed 302 Found in 9ms (ActiveRecord: 0.3ms)


Started GET "/" for ::1 at 2016-05-05 09:31:07 +0200
Processing by DemoController#hello as HTML
  [1m[36mApp Load (0.2ms)[0m  [1mSELECT  "apps".* FROM "apps" WHERE "apps"."category_id" = ?  ORDER BY "apps"."id" ASC LIMIT 4[0m  [["category_id", 1]]
  [1m[35mCategory Load (0.2ms)[0m  SELECT  "categories".* FROM "categories" WHERE "categories"."id" = ? LIMIT 1  [["id", 1]]
  [1m[36mApp Load (0.2ms)[0m  [1mSELECT  "apps".* FROM "apps" WHERE "apps"."category_id" = ? LIMIT 4[0m  [["category_id", 2]]
  [1m[35mApp Load (0.1ms)[0m  SELECT  "apps".* FROM "apps" WHERE "apps"."category_id" = ? LIMIT 4  [["category_id", 3]]
  Rendered demo/hello.html.erb within layouts/application (70.9ms)
  [1m[36mCategory Load (0.2ms)[0m  [1mSELECT "categories".* FROM "categories"[0m
Completed 200 OK in 187ms (Views: 180.3ms | ActiveRecord: 0.9ms)


Started GET "/users/sign_in" for ::1 at 2016-05-05 09:31:08 +0200
Processing by Devise::SessionsController#new as HTML
  Rendered devise/shared/_links.html.erb (1.4ms)
  Rendered devise/sessions/new.html.erb within layouts/application (255.6ms)
  [1m[35mCategory Load (0.2ms)[0m  SELECT "categories".* FROM "categories"
Completed 200 OK in 322ms (Views: 319.6ms | ActiveRecord: 0.2ms)


Started POST "/users/sign_in" for ::1 at 2016-05-05 09:31:26 +0200
Processing by Devise::SessionsController#create as HTML
  Parameters: {"utf8"=>"✓", "authenticity_token"=>"vnui+oMyHKa1GFcraid8CVShgQyTiFtZu0uRpi/zZwuZcioQcQXCc9OI5gOmZXWttPCKgM91onQintljCvdfJg==", "user"=>{"email"=>"mariatravelling@hotmail", "password"=>"[FILTERED]", "remember_me"=>"1"}, "commit"=>"Log in"}
  [1m[36mUser Load (0.2ms)[0m  [1mSELECT  "users".* FROM "users" WHERE "users"."email" = ?  ORDER BY "users"."id" ASC LIMIT 1[0m  [["email", "mariatravelling@hotmail"]]
Completed 401 Unauthorized in 4ms (ActiveRecord: 0.2ms)
Processing by Devise::SessionsController#new as HTML
  Parameters: {"utf8"=>"✓", "authenticity_token"=>"vnui+oMyHKa1GFcraid8CVShgQyTiFtZu0uRpi/zZwuZcioQcQXCc9OI5gOmZXWttPCKgM91onQintljCvdfJg==", "user"=>{"email"=>"mariatravelling@hotmail", "password"=>"[FILTERED]", "remember_me"=>"1"}, "commit"=>"Log in"}
  Rendered devise/shared/_links.html.erb (0.8ms)
  Rendered devise/sessions/new.html.erb within layouts/application (290.5ms)
  [1m[35mCategory Load (0.2ms)[0m  SELECT "categories".* FROM "categories"
Completed 200 OK in 431ms (Views: 344.0ms | ActiveRecord: 0.2ms)


Started POST "/users/sign_in" for ::1 at 2016-05-05 09:31:45 +0200
Processing by Devise::SessionsController#create as HTML
  Parameters: {"utf8"=>"✓", "authenticity_token"=>"tMRMiLyiyA6YXjCx8GRxBRtcR9154jXMJyO86RWuaEeTzcRiTpUW2/7OgZk8Jnih+w1MUSUfzOG+9vQsMKpQag==", "user"=>{"email"=>"mariatravelling@hotmail.com", "password"=>"[FILTERED]", "remember_me"=>"1"}, "commit"=>"Log in"}
  [1m[36mUser Load (0.1ms)[0m  [1mSELECT  "users".* FROM "users" WHERE "users"."email" = ?  ORDER BY "users"."id" ASC LIMIT 1[0m  [["email", "mariatravelling@hotmail.com"]]
  [1m[35m (0.1ms)[0m  begin transaction
  [1m[36mSQL (0.3ms)[0m  [1mUPDATE "users" SET "remember_created_at" = ?, "updated_at" = ? WHERE "users"."id" = ?[0m  [["remember_created_at", "2016-05-05 07:31:45.210904"], ["updated_at", "2016-05-05 07:31:45.211575"], ["id", 1]]
  [1m[35m (8.8ms)[0m  commit transaction
  [1m[36m (0.1ms)[0m  [1mbegin transaction[0m
  [1m[35mSQL (0.5ms)[0m  UPDATE "users" SET "current_sign_in_at" = ?, "sign_in_count" = ?, "updated_at" = ? WHERE "users"."id" = ?  [["current_sign_in_at", "2016-05-05 07:31:45.224789"], ["sign_in_count", 2], ["updated_at", "2016-05-05 07:31:45.226098"], ["id", 1]]
  [1m[36m (1.1ms)[0m  [1mcommit transaction[0m
Redirected to http://localhost:3000/
Completed 302 Found in 124ms (ActiveRecord: 11.1ms)


Started GET "/" for ::1 at 2016-05-05 09:31:45 +0200
Processing by DemoController#hello as HTML
  [1m[35mApp Load (0.2ms)[0m  SELECT  "apps".* FROM "apps" WHERE "apps"."category_id" = ?  ORDER BY "apps"."id" ASC LIMIT 4  [["category_id", 1]]
  [1m[36mCategory Load (0.2ms)[0m  [1mSELECT  "categories".* FROM "categories" WHERE "categories"."id" = ? LIMIT 1[0m  [["id", 1]]
  [1m[35mApp Load (0.1ms)[0m  SELECT  "apps".* FROM "apps" WHERE "apps"."category_id" = ? LIMIT 4  [["category_id", 2]]
  [1m[36mApp Load (0.1ms)[0m  [1mSELECT  "apps".* FROM "apps" WHERE "apps"."category_id" = ? LIMIT 4[0m  [["category_id", 3]]
  Rendered demo/hello.html.erb within layouts/application (92.0ms)
  [1m[35mUser Load (0.2ms)[0m  SELECT  "users".* FROM "users" WHERE "users"."id" = ?  ORDER BY "users"."id" ASC LIMIT 1  [["id", 1]]
  [1m[36mCategory Load (0.2ms)[0m  [1mSELECT "categories".* FROM "categories"[0m
Completed 200 OK in 118ms (Views: 115.6ms | ActiveRecord: 1.0ms)


Started GET "/" for ::1 at 2016-05-05 09:36:13 +0200
Processing by DemoController#hello as HTML
  [1m[35mApp Load (0.2ms)[0m  SELECT  "apps".* FROM "apps" WHERE "apps"."category_id" = ?  ORDER BY "apps"."id" ASC LIMIT 4  [["category_id", 1]]
  Rendered demo/hello.html.erb within layouts/application (21.3ms)
Completed 500 Internal Server Error in 25ms (ActiveRecord: 0.2ms)

ActionView::Template::Error (undefined method `image_url' for #<App:0x007fe292ceed30>):
    147:                     <dl>
    148:                     <td><%= image_tag app.image.url(:thumb) %></td>
    149:                     <td class="image-description">
    150:                     <%= image_tag app.image_url, :class => 'list-image' %>
    151:                     </td>
    152:                     <ul>App Name: <%= app.name%></ul>
    153:                     <ul>Rating: <%= app.rating %></ul>
  app/views/demo/hello.html.erb:150:in `block in _app_views_demo_hello_html_erb___1181735248952794919_70305555624360'
  app/views/demo/hello.html.erb:144:in `each'
  app/views/demo/hello.html.erb:144:in `_app_views_demo_hello_html_erb___1181735248952794919_70305555624360'


  Rendered /Library/Ruby/Gems/2.0.0/gems/actionpack-4.2.6/lib/action_dispatch/middleware/templates/rescues/_source.erb (11.4ms)
  Rendered /Library/Ruby/Gems/2.0.0/gems/actionpack-4.2.6/lib/action_dispatch/middleware/templates/rescues/_trace.html.erb (4.7ms)
  Rendered /Library/Ruby/Gems/2.0.0/gems/actionpack-4.2.6/lib/action_dispatch/middleware/templates/rescues/_request_and_response.html.erb (1.5ms)
  Rendered /Library/Ruby/Gems/2.0.0/gems/actionpack-4.2.6/lib/action_dispatch/middleware/templates/rescues/template_error.html.erb within rescues/layout (37.0ms)
  Rendered /Library/Ruby/Gems/2.0.0/gems/web-console-2.3.0/lib/web_console/templates/_markup.html.erb (0.4ms)
  Rendered /Library/Ruby/Gems/2.0.0/gems/web-console-2.3.0/lib/web_console/templates/_inner_console_markup.html.erb within layouts/inlined_string (0.6ms)
  Rendered /Library/Ruby/Gems/2.0.0/gems/web-console-2.3.0/lib/web_console/templates/_prompt_box_markup.html.erb within layouts/inlined_string (0.4ms)
  Rendered /Library/Ruby/Gems/2.0.0/gems/web-console-2.3.0/lib/web_console/templates/style.css.erb within layouts/inlined_string (0.4ms)
  Rendered /Library/Ruby/Gems/2.0.0/gems/web-console-2.3.0/lib/web_console/templates/console.js.erb within layouts/javascript (27.1ms)
  Rendered /Library/Ruby/Gems/2.0.0/gems/web-console-2.3.0/lib/web_console/templates/main.js.erb within layouts/javascript (0.4ms)
  Rendered /Library/Ruby/Gems/2.0.0/gems/web-console-2.3.0/lib/web_console/templates/error_page.js.erb within layouts/javascript (0.6ms)
  Rendered /Library/Ruby/Gems/2.0.0/gems/web-console-2.3.0/lib/web_console/templates/index.html.erb (53.6ms)


Started GET "/" for 127.0.0.1 at 2016-05-05 09:37:03 +0200
Processing by DemoController#hello as HTML
  [1m[36mApp Load (0.2ms)[0m  [1mSELECT  "apps".* FROM "apps" WHERE "apps"."category_id" = ?  ORDER BY "apps"."id" ASC LIMIT 4[0m  [["category_id", 1]]
  Rendered demo/hello.html.erb within layouts/application (110.0ms)
Completed 500 Internal Server Error in 114ms (ActiveRecord: 0.2ms)

ActionView::Template::Error (undefined method `image_url' for #<App:0x007fe291047330>):
    147:                     <dl>
    148:                     <td><%= image_tag app.image.url(:thumb) %></td>
    149:                     <td class="image-description">
    150:                     <%= image_tag app.image_url, :class => 'list-image' %>
    151:                     </td>
    152:                     <ul>App Name: <%= app.name%></ul>
    153:                     <ul>Rating: <%= app.rating %></ul>
  app/views/demo/hello.html.erb:150:in `block in _app_views_demo_hello_html_erb___1181735248952794919_70305500171440'
  app/views/demo/hello.html.erb:144:in `each'
  app/views/demo/hello.html.erb:144:in `_app_views_demo_hello_html_erb___1181735248952794919_70305500171440'


  Rendered /Library/Ruby/Gems/2.0.0/gems/actionpack-4.2.6/lib/action_dispatch/middleware/templates/rescues/_source.erb (6.4ms)
  Rendered /Library/Ruby/Gems/2.0.0/gems/actionpack-4.2.6/lib/action_dispatch/middleware/templates/rescues/_trace.html.erb (4.4ms)
  Rendered /Library/Ruby/Gems/2.0.0/gems/actionpack-4.2.6/lib/action_dispatch/middleware/templates/rescues/_request_and_response.html.erb (0.9ms)
  Rendered /Library/Ruby/Gems/2.0.0/gems/actionpack-4.2.6/lib/action_dispatch/middleware/templates/rescues/template_error.html.erb within rescues/layout (26.0ms)
  Rendered /Library/Ruby/Gems/2.0.0/gems/web-console-2.3.0/lib/web_console/templates/_markup.html.erb (0.4ms)
  Rendered /Library/Ruby/Gems/2.0.0/gems/web-console-2.3.0/lib/web_console/templates/_inner_console_markup.html.erb within layouts/inlined_string (0.3ms)
  Rendered /Library/Ruby/Gems/2.0.0/gems/web-console-2.3.0/lib/web_console/templates/_prompt_box_markup.html.erb within layouts/inlined_string (0.3ms)
  Rendered /Library/Ruby/Gems/2.0.0/gems/web-console-2.3.0/lib/web_console/templates/style.css.erb within layouts/inlined_string (0.4ms)
  Rendered /Library/Ruby/Gems/2.0.0/gems/web-console-2.3.0/lib/web_console/templates/console.js.erb within layouts/javascript (96.3ms)
  Rendered /Library/Ruby/Gems/2.0.0/gems/web-console-2.3.0/lib/web_console/templates/main.js.erb within layouts/javascript (0.4ms)
  Rendered /Library/Ruby/Gems/2.0.0/gems/web-console-2.3.0/lib/web_console/templates/error_page.js.erb within layouts/javascript (0.5ms)
  Rendered /Library/Ruby/Gems/2.0.0/gems/web-console-2.3.0/lib/web_console/templates/index.html.erb (114.6ms)


Started GET "/" for ::1 at 2016-05-05 09:37:50 +0200
Processing by DemoController#hello as HTML
  [1m[35mApp Load (0.3ms)[0m  SELECT  "apps".* FROM "apps" WHERE "apps"."category_id" = ?  ORDER BY "apps"."id" ASC LIMIT 4  [["category_id", 1]]
  [1m[36mCategory Load (0.1ms)[0m  [1mSELECT  "categories".* FROM "categories" WHERE "categories"."id" = ? LIMIT 1[0m  [["id", 1]]
  [1m[35mApp Load (0.2ms)[0m  SELECT  "apps".* FROM "apps" WHERE "apps"."category_id" = ? LIMIT 4  [["category_id", 2]]
  [1m[36mApp Load (0.1ms)[0m  [1mSELECT  "apps".* FROM "apps" WHERE "apps"."category_id" = ? LIMIT 4[0m  [["category_id", 3]]
  Rendered demo/hello.html.erb within layouts/application (90.4ms)
  [1m[35mUser Load (0.2ms)[0m  SELECT  "users".* FROM "users" WHERE "users"."id" = ?  ORDER BY "users"."id" ASC LIMIT 1  [["id", 1]]
  [1m[36mCategory Load (0.2ms)[0m  [1mSELECT "categories".* FROM "categories"[0m
Completed 200 OK in 117ms (Views: 114.2ms | ActiveRecord: 1.1ms)


Started GET "/" for ::1 at 2016-05-05 09:40:22 +0200
Processing by DemoController#hello as HTML
  [1m[35mApp Load (0.8ms)[0m  SELECT  "apps".* FROM "apps" WHERE "apps"."category_id" = ?  ORDER BY "apps"."id" ASC LIMIT 4  [["category_id", 1]]
  Rendered demo/hello.html.erb within layouts/application (38.9ms)
Completed 500 Internal Server Error in 47ms (ActiveRecord: 0.8ms)

ActionView::Template::Error (undefined method `image_url' for #<App:0x007fe292a00060>):
    147:                     <dl>
    148:                     <td><%= image_tag app.image.url(:thumb) %></td>
    149:                     <td class="image-description">
    150:                     <%= image_tag app.image_url, :class => 'list-image' %>
    151:                     </td>
    152:                     <ul>App Name: <%= app.name%></ul>
    153:                     <ul>Rating: <%= app.rating %></ul>
  app/views/demo/hello.html.erb:150:in `block in _app_views_demo_hello_html_erb___1181735248952794919_70305554399360'
  app/views/demo/hello.html.erb:144:in `each'
  app/views/demo/hello.html.erb:144:in `_app_views_demo_hello_html_erb___1181735248952794919_70305554399360'


  Rendered /Library/Ruby/Gems/2.0.0/gems/actionpack-4.2.6/lib/action_dispatch/middleware/templates/rescues/_source.erb (12.8ms)
  Rendered /Library/Ruby/Gems/2.0.0/gems/actionpack-4.2.6/lib/action_dispatch/middleware/templates/rescues/_trace.html.erb (5.2ms)
  Rendered /Library/Ruby/Gems/2.0.0/gems/actionpack-4.2.6/lib/action_dispatch/middleware/templates/rescues/_request_and_response.html.erb (1.7ms)
  Rendered /Library/Ruby/Gems/2.0.0/gems/actionpack-4.2.6/lib/action_dispatch/middleware/templates/rescues/template_error.html.erb within rescues/layout (38.1ms)
  Rendered /Library/Ruby/Gems/2.0.0/gems/web-console-2.3.0/lib/web_console/templates/_markup.html.erb (3.9ms)
  Rendered /Library/Ruby/Gems/2.0.0/gems/web-console-2.3.0/lib/web_console/templates/_inner_console_markup.html.erb within layouts/inlined_string (0.4ms)
  Rendered /Library/Ruby/Gems/2.0.0/gems/web-console-2.3.0/lib/web_console/templates/_prompt_box_markup.html.erb within layouts/inlined_string (0.5ms)
  Rendered /Library/Ruby/Gems/2.0.0/gems/web-console-2.3.0/lib/web_console/templates/style.css.erb within layouts/inlined_string (0.6ms)
  Rendered /Library/Ruby/Gems/2.0.0/gems/web-console-2.3.0/lib/web_console/templates/console.js.erb within layouts/javascript (27.1ms)
  Rendered /Library/Ruby/Gems/2.0.0/gems/web-console-2.3.0/lib/web_console/templates/main.js.erb within layouts/javascript (0.5ms)
  Rendered /Library/Ruby/Gems/2.0.0/gems/web-console-2.3.0/lib/web_console/templates/error_page.js.erb within layouts/javascript (1.1ms)
  Rendered /Library/Ruby/Gems/2.0.0/gems/web-console-2.3.0/lib/web_console/templates/index.html.erb (59.9ms)


Started GET "/" for ::1 at 2016-05-05 09:41:27 +0200
Processing by DemoController#hello as HTML
  [1m[36mApp Load (0.7ms)[0m  [1mSELECT  "apps".* FROM "apps" WHERE "apps"."category_id" = ?  ORDER BY "apps"."id" ASC LIMIT 4[0m  [["category_id", 1]]
  [1m[35mCategory Load (0.1ms)[0m  SELECT  "categories".* FROM "categories" WHERE "categories"."id" = ? LIMIT 1  [["id", 1]]
  [1m[36mApp Load (0.1ms)[0m  [1mSELECT  "apps".* FROM "apps" WHERE "apps"."category_id" = ? LIMIT 4[0m  [["category_id", 2]]
  [1m[35mApp Load (0.1ms)[0m  SELECT  "apps".* FROM "apps" WHERE "apps"."category_id" = ? LIMIT 4  [["category_id", 3]]
  Rendered demo/hello.html.erb within layouts/application (143.4ms)
  [1m[36mUser Load (0.2ms)[0m  [1mSELECT  "users".* FROM "users" WHERE "users"."id" = ?  ORDER BY "users"."id" ASC LIMIT 1[0m  [["id", 1]]
  [1m[35mCategory Load (0.2ms)[0m  SELECT "categories".* FROM "categories"
Completed 200 OK in 316ms (Views: 310.4ms | ActiveRecord: 1.3ms)


Started GET "/" for ::1 at 2016-05-05 09:42:39 +0200
Processing by DemoController#hello as HTML
  [1m[36mApp Load (0.2ms)[0m  [1mSELECT  "apps".* FROM "apps" WHERE "apps"."category_id" = ?  ORDER BY "apps"."id" ASC LIMIT 4[0m  [["category_id", 1]]
  [1m[35mCategory Load (0.1ms)[0m  SELECT  "categories".* FROM "categories" WHERE "categories"."id" = ? LIMIT 1  [["id", 1]]
  [1m[36mApp Load (0.2ms)[0m  [1mSELECT  "apps".* FROM "apps" WHERE "apps"."category_id" = ? LIMIT 4[0m  [["category_id", 2]]
  [1m[35mApp Load (0.1ms)[0m  SELECT  "apps".* FROM "apps" WHERE "apps"."category_id" = ? LIMIT 4  [["category_id", 3]]
  Rendered demo/hello.html.erb within layouts/application (136.8ms)
  [1m[36mUser Load (0.2ms)[0m  [1mSELECT  "users".* FROM "users" WHERE "users"."id" = ?  ORDER BY "users"."id" ASC LIMIT 1[0m  [["id", 1]]
  [1m[35mCategory Load (0.3ms)[0m  SELECT "categories".* FROM "categories"
Completed 200 OK in 182ms (Views: 179.2ms | ActiveRecord: 1.0ms)


Started GET "/" for ::1 at 2016-05-05 09:43:18 +0200
Processing by DemoController#hello as HTML
  [1m[36mApp Load (0.2ms)[0m  [1mSELECT  "apps".* FROM "apps" WHERE "apps"."category_id" = ?  ORDER BY "apps"."id" ASC LIMIT 4[0m  [["category_id", 1]]
  [1m[35mCategory Load (0.2ms)[0m  SELECT  "categories".* FROM "categories" WHERE "categories"."id" = ? LIMIT 1  [["id", 1]]
  [1m[36mApp Load (0.3ms)[0m  [1mSELECT  "apps".* FROM "apps" WHERE "apps"."category_id" = ? LIMIT 4[0m  [["category_id", 2]]
  [1m[35mApp Load (0.1ms)[0m  SELECT  "apps".* FROM "apps" WHERE "apps"."category_id" = ? LIMIT 4  [["category_id", 3]]
  Rendered demo/hello.html.erb within layouts/application (132.4ms)
  [1m[36mUser Load (0.2ms)[0m  [1mSELECT  "users".* FROM "users" WHERE "users"."id" = ?  ORDER BY "users"."id" ASC LIMIT 1[0m  [["id", 1]]
  [1m[35mCategory Load (0.4ms)[0m  SELECT "categories".* FROM "categories"
Completed 200 OK in 198ms (Views: 195.1ms | ActiveRecord: 1.3ms)


Started GET "/" for ::1 at 2016-05-05 09:43:38 +0200
Processing by DemoController#hello as HTML
  [1m[36mApp Load (0.3ms)[0m  [1mSELECT  "apps".* FROM "apps" WHERE "apps"."category_id" = ?  ORDER BY "apps"."id" ASC LIMIT 4[0m  [["category_id", 1]]
  [1m[35mCategory Load (0.2ms)[0m  SELECT  "categories".* FROM "categories" WHERE "categories"."id" = ? LIMIT 1  [["id", 1]]
  [1m[36mApp Load (0.4ms)[0m  [1mSELECT  "apps".* FROM "apps" WHERE "apps"."category_id" = ? LIMIT 4[0m  [["category_id", 2]]
  [1m[35mApp Load (0.1ms)[0m  SELECT  "apps".* FROM "apps" WHERE "apps"."category_id" = ? LIMIT 4  [["category_id", 3]]
  Rendered demo/hello.html.erb within layouts/application (146.0ms)
  [1m[36mUser Load (0.2ms)[0m  [1mSELECT  "users".* FROM "users" WHERE "users"."id" = ?  ORDER BY "users"."id" ASC LIMIT 1[0m  [["id", 1]]
  [1m[35mCategory Load (0.3ms)[0m  SELECT "categories".* FROM "categories"
Completed 200 OK in 231ms (Views: 206.9ms | ActiveRecord: 3.6ms)


Started GET "/" for ::1 at 2016-05-05 09:43:42 +0200
Processing by DemoController#hello as HTML
  [1m[36mApp Load (0.1ms)[0m  [1mSELECT  "apps".* FROM "apps" WHERE "apps"."category_id" = ?  ORDER BY "apps"."id" ASC LIMIT 4[0m  [["category_id", 1]]
  [1m[35mCategory Load (0.1ms)[0m  SELECT  "categories".* FROM "categories" WHERE "categories"."id" = ? LIMIT 1  [["id", 1]]
  [1m[36mApp Load (0.1ms)[0m  [1mSELECT  "apps".* FROM "apps" WHERE "apps"."category_id" = ? LIMIT 4[0m  [["category_id", 2]]
  [1m[35mApp Load (0.2ms)[0m  SELECT  "apps".* FROM "apps" WHERE "apps"."category_id" = ? LIMIT 4  [["category_id", 3]]
  Rendered demo/hello.html.erb within layouts/application (202.4ms)
  [1m[36mUser Load (0.4ms)[0m  [1mSELECT  "users".* FROM "users" WHERE "users"."id" = ?  ORDER BY "users"."id" ASC LIMIT 1[0m  [["id", 1]]
  [1m[35mCategory Load (0.2ms)[0m  SELECT "categories".* FROM "categories"
Completed 200 OK in 239ms (Views: 235.4ms | ActiveRecord: 1.1ms)


Started GET "/" for ::1 at 2016-05-05 09:43:55 +0200
Processing by DemoController#hello as HTML
  [1m[36mApp Load (0.2ms)[0m  [1mSELECT  "apps".* FROM "apps" WHERE "apps"."category_id" = ?  ORDER BY "apps"."id" ASC LIMIT 4[0m  [["category_id", 1]]
  [1m[35mCategory Load (0.3ms)[0m  SELECT  "categories".* FROM "categories" WHERE "categories"."id" = ? LIMIT 1  [["id", 1]]
  [1m[36mApp Load (0.2ms)[0m  [1mSELECT  "apps".* FROM "apps" WHERE "apps"."category_id" = ? LIMIT 4[0m  [["category_id", 2]]
  [1m[35mApp Load (0.1ms)[0m  SELECT  "apps".* FROM "apps" WHERE "apps"."category_id" = ? LIMIT 4  [["category_id", 3]]
  Rendered demo/hello.html.erb within layouts/application (117.8ms)
  [1m[36mUser Load (0.3ms)[0m  [1mSELECT  "users".* FROM "users" WHERE "users"."id" = ?  ORDER BY "users"."id" ASC LIMIT 1[0m  [["id", 1]]
  [1m[35mCategory Load (0.2ms)[0m  SELECT "categories".* FROM "categories"
Completed 200 OK in 324ms (Views: 302.2ms | ActiveRecord: 3.0ms)


Started GET "/" for ::1 at 2016-05-05 09:44:57 +0200
Processing by DemoController#hello as HTML
  [1m[36mApp Load (0.2ms)[0m  [1mSELECT  "apps".* FROM "apps" WHERE "apps"."category_id" = ?  ORDER BY "apps"."id" ASC LIMIT 4[0m  [["category_id", 1]]
  [1m[35mCategory Load (0.1ms)[0m  SELECT  "categories".* FROM "categories" WHERE "categories"."id" = ? LIMIT 1  [["id", 1]]
  [1m[36mApp Load (0.1ms)[0m  [1mSELECT  "apps".* FROM "apps" WHERE "apps"."category_id" = ? LIMIT 4[0m  [["category_id", 2]]
  [1m[35mApp Load (0.1ms)[0m  SELECT  "apps".* FROM "apps" WHERE "apps"."category_id" = ? LIMIT 4  [["category_id", 3]]
  Rendered demo/hello.html.erb within layouts/application (142.1ms)
  [1m[36mUser Load (0.2ms)[0m  [1mSELECT  "users".* FROM "users" WHERE "users"."id" = ?  ORDER BY "users"."id" ASC LIMIT 1[0m  [["id", 1]]
  [1m[35mCategory Load (0.2ms)[0m  SELECT "categories".* FROM "categories"
Completed 200 OK in 189ms (Views: 186.5ms | ActiveRecord: 0.9ms)


Started GET "/" for ::1 at 2016-05-05 09:45:20 +0200
Processing by DemoController#hello as HTML
  [1m[36mApp Load (0.2ms)[0m  [1mSELECT  "apps".* FROM "apps" WHERE "apps"."category_id" = ?  ORDER BY "apps"."id" ASC LIMIT 4[0m  [["category_id", 1]]
  [1m[35mCategory Load (0.2ms)[0m  SELECT  "categories".* FROM "categories" WHERE "categories"."id" = ? LIMIT 1  [["id", 1]]
  [1m[36mApp Load (0.1ms)[0m  [1mSELECT  "apps".* FROM "apps" WHERE "apps"."category_id" = ? LIMIT 4[0m  [["category_id", 2]]
  [1m[35mApp Load (0.1ms)[0m  SELECT  "apps".* FROM "apps" WHERE "apps"."category_id" = ? LIMIT 4  [["category_id", 3]]
  Rendered demo/hello.html.erb within layouts/application (112.8ms)
  [1m[36mUser Load (0.2ms)[0m  [1mSELECT  "users".* FROM "users" WHERE "users"."id" = ?  ORDER BY "users"."id" ASC LIMIT 1[0m  [["id", 1]]
  [1m[35mCategory Load (0.3ms)[0m  SELECT "categories".* FROM "categories"
Completed 200 OK in 172ms (Views: 168.8ms | ActiveRecord: 1.2ms)


Started GET "/" for ::1 at 2016-05-05 09:47:27 +0200
Processing by DemoController#hello as HTML
  [1m[36mApp Load (0.3ms)[0m  [1mSELECT  "apps".* FROM "apps" WHERE "apps"."category_id" = ?  ORDER BY "apps"."id" ASC LIMIT 4[0m  [["category_id", 1]]
  [1m[35mCategory Load (0.2ms)[0m  SELECT  "categories".* FROM "categories" WHERE "categories"."id" = ? LIMIT 1  [["id", 1]]
  [1m[36mApp Load (0.3ms)[0m  [1mSELECT  "apps".* FROM "apps" WHERE "apps"."category_id" = ? LIMIT 4[0m  [["category_id", 2]]
  [1m[35mApp Load (0.1ms)[0m  SELECT  "apps".* FROM "apps" WHERE "apps"."category_id" = ? LIMIT 4  [["category_id", 3]]
  Rendered demo/hello.html.erb within layouts/application (148.8ms)
  [1m[36mUser Load (0.3ms)[0m  [1mSELECT  "users".* FROM "users" WHERE "users"."id" = ?  ORDER BY "users"."id" ASC LIMIT 1[0m  [["id", 1]]
  [1m[35mCategory Load (0.4ms)[0m  SELECT "categories".* FROM "categories"
Completed 200 OK in 246ms (Views: 223.9ms | ActiveRecord: 4.7ms)


Started GET "/" for ::1 at 2016-05-05 09:47:34 +0200
Processing by DemoController#hello as HTML
  [1m[36mApp Load (0.1ms)[0m  [1mSELECT  "apps".* FROM "apps" WHERE "apps"."category_id" = ?  ORDER BY "apps"."id" ASC LIMIT 4[0m  [["category_id", 1]]
  [1m[35mCategory Load (0.2ms)[0m  SELECT  "categories".* FROM "categories" WHERE "categories"."id" = ? LIMIT 1  [["id", 1]]
  [1m[36mApp Load (0.1ms)[0m  [1mSELECT  "apps".* FROM "apps" WHERE "apps"."category_id" = ? LIMIT 4[0m  [["category_id", 2]]
  [1m[35mApp Load (0.1ms)[0m  SELECT  "apps".* FROM "apps" WHERE "apps"."category_id" = ? LIMIT 4  [["category_id", 3]]
  Rendered demo/hello.html.erb within layouts/application (260.5ms)
  [1m[36mUser Load (0.2ms)[0m  [1mSELECT  "users".* FROM "users" WHERE "users"."id" = ?  ORDER BY "users"."id" ASC LIMIT 1[0m  [["id", 1]]
  [1m[35mCategory Load (0.2ms)[0m  SELECT "categories".* FROM "categories"
Completed 200 OK in 305ms (Views: 302.6ms | ActiveRecord: 0.9ms)


Started GET "/" for ::1 at 2016-05-05 09:47:39 +0200
Processing by DemoController#hello as HTML
  [1m[36mApp Load (1.8ms)[0m  [1mSELECT  "apps".* FROM "apps" WHERE "apps"."category_id" = ?  ORDER BY "apps"."id" ASC LIMIT 4[0m  [["category_id", 1]]
  [1m[35mCategory Load (0.4ms)[0m  SELECT  "categories".* FROM "categories" WHERE "categories"."id" = ? LIMIT 1  [["id", 1]]
  [1m[36mApp Load (0.2ms)[0m  [1mSELECT  "apps".* FROM "apps" WHERE "apps"."category_id" = ? LIMIT 4[0m  [["category_id", 2]]
  [1m[35mApp Load (0.1ms)[0m  SELECT  "apps".* FROM "apps" WHERE "apps"."category_id" = ? LIMIT 4  [["category_id", 3]]
  Rendered demo/hello.html.erb within layouts/application (124.2ms)
  [1m[36mUser Load (0.4ms)[0m  [1mSELECT  "users".* FROM "users" WHERE "users"."id" = ?  ORDER BY "users"."id" ASC LIMIT 1[0m  [["id", 1]]
  [1m[35mCategory Load (0.3ms)[0m  SELECT "categories".* FROM "categories"
Completed 200 OK in 359ms (Views: 333.7ms | ActiveRecord: 5.1ms)


Started GET "/" for ::1 at 2016-05-05 09:50:27 +0200
Processing by DemoController#hello as HTML
  [1m[36mApp Load (0.4ms)[0m  [1mSELECT  "apps".* FROM "apps" WHERE "apps"."category_id" = ?  ORDER BY "apps"."id" ASC LIMIT 4[0m  [["category_id", 1]]
  [1m[35mCategory Load (0.4ms)[0m  SELECT  "categories".* FROM "categories" WHERE "categories"."id" = ? LIMIT 1  [["id", 1]]
  [1m[36mApp Load (1.8ms)[0m  [1mSELECT  "apps".* FROM "apps" WHERE "apps"."category_id" = ? LIMIT 4[0m  [["category_id", 2]]
  [1m[35mApp Load (0.2ms)[0m  SELECT  "apps".* FROM "apps" WHERE "apps"."category_id" = ? LIMIT 4  [["category_id", 3]]
  Rendered demo/hello.html.erb within layouts/application (149.0ms)
  [1m[36mUser Load (0.4ms)[0m  [1mSELECT  "users".* FROM "users" WHERE "users"."id" = ?  ORDER BY "users"."id" ASC LIMIT 1[0m  [["id", 1]]
  [1m[35mCategory Load (0.2ms)[0m  SELECT "categories".* FROM "categories"
Completed 200 OK in 238ms (Views: 216.2ms | ActiveRecord: 5.7ms)


Started GET "/" for ::1 at 2016-05-05 09:51:32 +0200
Processing by DemoController#hello as HTML
  [1m[36mApp Load (0.3ms)[0m  [1mSELECT  "apps".* FROM "apps" WHERE "apps"."category_id" = ?  ORDER BY "apps"."id" ASC LIMIT 4[0m  [["category_id", 1]]
  [1m[35mCategory Load (0.1ms)[0m  SELECT  "categories".* FROM "categories" WHERE "categories"."id" = ? LIMIT 1  [["id", 1]]
  [1m[36mApp Load (0.2ms)[0m  [1mSELECT  "apps".* FROM "apps" WHERE "apps"."category_id" = ? LIMIT 4[0m  [["category_id", 2]]
  [1m[35mApp Load (0.1ms)[0m  SELECT  "apps".* FROM "apps" WHERE "apps"."category_id" = ? LIMIT 4  [["category_id", 3]]
  Rendered demo/hello.html.erb within layouts/application (146.1ms)
  [1m[36mUser Load (0.2ms)[0m  [1mSELECT  "users".* FROM "users" WHERE "users"."id" = ?  ORDER BY "users"."id" ASC LIMIT 1[0m  [["id", 1]]
  [1m[35mCategory Load (0.2ms)[0m  SELECT "categories".* FROM "categories"
Completed 200 OK in 239ms (Views: 211.7ms | ActiveRecord: 3.1ms)


Started GET "/" for ::1 at 2016-05-05 09:56:31 +0200
Processing by DemoController#hello as HTML
  [1m[36mApp Load (0.2ms)[0m  [1mSELECT  "apps".* FROM "apps" WHERE "apps"."category_id" = ?  ORDER BY "apps"."id" ASC LIMIT 4[0m  [["category_id", 1]]
  [1m[35mCategory Load (0.2ms)[0m  SELECT  "categories".* FROM "categories" WHERE "categories"."id" = ? LIMIT 1  [["id", 1]]
  [1m[36mApp Load (0.1ms)[0m  [1mSELECT  "apps".* FROM "apps" WHERE "apps"."category_id" = ? LIMIT 4[0m  [["category_id", 2]]
  [1m[35mApp Load (0.1ms)[0m  SELECT  "apps".* FROM "apps" WHERE "apps"."category_id" = ? LIMIT 4  [["category_id", 3]]
  Rendered demo/hello.html.erb within layouts/application (186.4ms)
  [1m[36mUser Load (0.2ms)[0m  [1mSELECT  "users".* FROM "users" WHERE "users"."id" = ?  ORDER BY "users"."id" ASC LIMIT 1[0m  [["id", 1]]
  [1m[35mCategory Load (0.2ms)[0m  SELECT "categories".* FROM "categories"
Completed 200 OK in 218ms (Views: 215.6ms | ActiveRecord: 1.0ms)


Started GET "/" for ::1 at 2016-05-05 09:57:11 +0200
Processing by DemoController#hello as HTML
  [1m[36mApp Load (0.1ms)[0m  [1mSELECT  "apps".* FROM "apps" WHERE "apps"."category_id" = ?  ORDER BY "apps"."id" ASC LIMIT 4[0m  [["category_id", 1]]
  [1m[35mCategory Load (0.2ms)[0m  SELECT  "categories".* FROM "categories" WHERE "categories"."id" = ? LIMIT 1  [["id", 1]]
  [1m[36mApp Load (0.1ms)[0m  [1mSELECT  "apps".* FROM "apps" WHERE "apps"."category_id" = ? LIMIT 4[0m  [["category_id", 2]]
  [1m[35mApp Load (0.2ms)[0m  SELECT  "apps".* FROM "apps" WHERE "apps"."category_id" = ? LIMIT 4  [["category_id", 3]]
  Rendered demo/hello.html.erb within layouts/application (67.2ms)
  [1m[36mUser Load (0.2ms)[0m  [1mSELECT  "users".* FROM "users" WHERE "users"."id" = ?  ORDER BY "users"."id" ASC LIMIT 1[0m  [["id", 1]]
  [1m[35mCategory Load (0.2ms)[0m  SELECT "categories".* FROM "categories"
Completed 200 OK in 102ms (Views: 99.5ms | ActiveRecord: 0.9ms)


Started GET "/" for ::1 at 2016-05-05 09:57:25 +0200
Processing by DemoController#hello as HTML
  [1m[36mApp Load (0.3ms)[0m  [1mSELECT  "apps".* FROM "apps" WHERE "apps"."category_id" = ?  ORDER BY "apps"."id" ASC LIMIT 4[0m  [["category_id", 1]]
  [1m[35mCategory Load (0.1ms)[0m  SELECT  "categories".* FROM "categories" WHERE "categories"."id" = ? LIMIT 1  [["id", 1]]
  [1m[36mApp Load (0.1ms)[0m  [1mSELECT  "apps".* FROM "apps" WHERE "apps"."category_id" = ? LIMIT 4[0m  [["category_id", 2]]
  [1m[35mApp Load (0.1ms)[0m  SELECT  "apps".* FROM "apps" WHERE "apps"."category_id" = ? LIMIT 4  [["category_id", 3]]
  Rendered demo/hello.html.erb within layouts/application (56.7ms)
  [1m[36mUser Load (0.3ms)[0m  [1mSELECT  "users".* FROM "users" WHERE "users"."id" = ?  ORDER BY "users"."id" ASC LIMIT 1[0m  [["id", 1]]
  [1m[35mCategory Load (0.2ms)[0m  SELECT "categories".* FROM "categories"
Completed 200 OK in 188ms (Views: 185.4ms | ActiveRecord: 1.0ms)


Started GET "/" for ::1 at 2016-05-05 09:57:34 +0200
Processing by DemoController#hello as HTML
  [1m[36mApp Load (0.2ms)[0m  [1mSELECT  "apps".* FROM "apps" WHERE "apps"."category_id" = ?  ORDER BY "apps"."id" ASC LIMIT 4[0m  [["category_id", 1]]
  [1m[35mCategory Load (0.1ms)[0m  SELECT  "categories".* FROM "categories" WHERE "categories"."id" = ? LIMIT 1  [["id", 1]]
  [1m[36mApp Load (0.1ms)[0m  [1mSELECT  "apps".* FROM "apps" WHERE "apps"."category_id" = ? LIMIT 4[0m  [["category_id", 2]]
  [1m[35mApp Load (0.1ms)[0m  SELECT  "apps".* FROM "apps" WHERE "apps"."category_id" = ? LIMIT 4  [["category_id", 3]]
  Rendered demo/hello.html.erb within layouts/application (77.6ms)
  [1m[36mUser Load (0.1ms)[0m  [1mSELECT  "users".* FROM "users" WHERE "users"."id" = ?  ORDER BY "users"."id" ASC LIMIT 1[0m  [["id", 1]]
  [1m[35mCategory Load (0.2ms)[0m  SELECT "categories".* FROM "categories"
Completed 200 OK in 101ms (Views: 98.6ms | ActiveRecord: 0.8ms)


Started GET "/" for ::1 at 2016-05-05 09:57:40 +0200
Processing by DemoController#hello as HTML
  [1m[36mApp Load (0.1ms)[0m  [1mSELECT  "apps".* FROM "apps" WHERE "apps"."category_id" = ?  ORDER BY "apps"."id" ASC LIMIT 4[0m  [["category_id", 1]]
  [1m[35mCategory Load (0.1ms)[0m  SELECT  "categories".* FROM "categories" WHERE "categories"."id" = ? LIMIT 1  [["id", 1]]
  [1m[36mApp Load (0.1ms)[0m  [1mSELECT  "apps".* FROM "apps" WHERE "apps"."category_id" = ? LIMIT 4[0m  [["category_id", 2]]
  [1m[35mApp Load (0.1ms)[0m  SELECT  "apps".* FROM "apps" WHERE "apps"."category_id" = ? LIMIT 4  [["category_id", 3]]
  Rendered demo/hello.html.erb within layouts/application (55.4ms)
  [1m[36mUser Load (0.2ms)[0m  [1mSELECT  "users".* FROM "users" WHERE "users"."id" = ?  ORDER BY "users"."id" ASC LIMIT 1[0m  [["id", 1]]
  [1m[35mCategory Load (0.2ms)[0m  SELECT "categories".* FROM "categories"
Completed 200 OK in 78ms (Views: 76.3ms | ActiveRecord: 0.8ms)


Started GET "/" for ::1 at 2016-05-05 10:04:58 +0200
Processing by DemoController#hello as HTML
  [1m[36mApp Load (0.2ms)[0m  [1mSELECT  "apps".* FROM "apps" WHERE "apps"."category_id" = ?  ORDER BY "apps"."id" ASC LIMIT 4[0m  [["category_id", 1]]
  [1m[35mCategory Load (0.1ms)[0m  SELECT  "categories".* FROM "categories" WHERE "categories"."id" = ? LIMIT 1  [["id", 1]]
  [1m[36mApp Load (0.1ms)[0m  [1mSELECT  "apps".* FROM "apps" WHERE "apps"."category_id" = ? LIMIT 4[0m  [["category_id", 2]]
  [1m[35mApp Load (0.1ms)[0m  SELECT  "apps".* FROM "apps" WHERE "apps"."category_id" = ? LIMIT 4  [["category_id", 3]]
  Rendered demo/hello.html.erb within layouts/application (3764.5ms)
  [1m[36mUser Load (0.3ms)[0m  [1mSELECT  "users".* FROM "users" WHERE "users"."id" = ?  ORDER BY "users"."id" ASC LIMIT 1[0m  [["id", 1]]
  [1m[35mCategory Load (0.1ms)[0m  SELECT "categories".* FROM "categories"
Completed 200 OK in 3797ms (Views: 3794.3ms | ActiveRecord: 0.8ms)


Started GET "/assets/application.self-ba8fb8eda7e82e6d36c37efba6c0a5bf1554302bad2b661d4a9a5174c680fcbf.css?body=1" for ::1 at 2016-05-05 10:05:02 +0200


Started GET "/apps/1" for ::1 at 2016-05-05 10:06:05 +0200
Processing by AppsController#show as HTML
  Parameters: {"id"=>"1"}
  [1m[36mApp Load (0.2ms)[0m  [1mSELECT  "apps".* FROM "apps" WHERE "apps"."id" = ? LIMIT 1[0m  [["id", 1]]
  [1m[35mCACHE (0.0ms)[0m  SELECT  "apps".* FROM "apps" WHERE "apps"."id" = ? LIMIT 1  [["id", "1"]]
  [1m[36mCategory Load (0.1ms)[0m  [1mSELECT  "categories".* FROM "categories" WHERE "categories"."id" = ? LIMIT 1[0m  [["id", 1]]
  [1m[35m (0.8ms)[0m  SELECT COUNT(*) FROM "reviews" WHERE "reviews"."app_id" = ?  [["app_id", 1]]
  [1m[36mReview Load (0.2ms)[0m  [1mSELECT "reviews".* FROM "reviews" WHERE "reviews"."app_id" = ?[0m  [["app_id", 1]]
  Rendered collection (0.1ms)
  Rendered apps/show.html.erb within layouts/application (98.6ms)
  [1m[35mUser Load (0.1ms)[0m  SELECT  "users".* FROM "users" WHERE "users"."id" = ?  ORDER BY "users"."id" ASC LIMIT 1  [["id", 1]]
  [1m[36mCategory Load (0.2ms)[0m  [1mSELECT "categories".* FROM "categories"[0m
Completed 200 OK in 197ms (Views: 192.4ms | ActiveRecord: 1.8ms)


Started GET "/" for ::1 at 2016-05-05 10:18:19 +0200
Processing by DemoController#hello as HTML
  [1m[35mApp Load (0.1ms)[0m  SELECT  "apps".* FROM "apps" WHERE "apps"."category_id" = ?  ORDER BY "apps"."id" ASC LIMIT 4  [["category_id", 1]]
  [1m[36mCategory Load (0.3ms)[0m  [1mSELECT  "categories".* FROM "categories" WHERE "categories"."id" = ? LIMIT 1[0m  [["id", 1]]
  [1m[35mApp Load (0.2ms)[0m  SELECT  "apps".* FROM "apps" WHERE "apps"."category_id" = ? LIMIT 4  [["category_id", 2]]
  [1m[36mCACHE (0.0ms)[0m  [1mSELECT  "apps".* FROM "apps" WHERE "apps"."category_id" = ? LIMIT 4[0m  [["category_id", 2]]
  [1m[35mApp Load (0.1ms)[0m  SELECT  "apps".* FROM "apps" WHERE "apps"."category_id" = ? LIMIT 4  [["category_id", 3]]
  Rendered demo/hello.html.erb within layouts/application (95.1ms)
  [1m[36mUser Load (0.1ms)[0m  [1mSELECT  "users".* FROM "users" WHERE "users"."id" = ?  ORDER BY "users"."id" ASC LIMIT 1[0m  [["id", 1]]
  [1m[35mCategory Load (0.2ms)[0m  SELECT "categories".* FROM "categories"
Completed 200 OK in 123ms (Views: 120.6ms | ActiveRecord: 1.0ms)


Started GET "/" for ::1 at 2016-05-05 10:18:52 +0200
Processing by DemoController#hello as HTML
  [1m[36mApp Load (0.1ms)[0m  [1mSELECT  "apps".* FROM "apps" WHERE "apps"."category_id" = ?  ORDER BY "apps"."id" ASC LIMIT 4[0m  [["category_id", 1]]
  [1m[35mCategory Load (0.2ms)[0m  SELECT  "categories".* FROM "categories" WHERE "categories"."id" = ? LIMIT 1  [["id", 1]]
  [1m[36mApp Load (0.1ms)[0m  [1mSELECT  "apps".* FROM "apps" WHERE "apps"."category_id" = ? LIMIT 4[0m  [["category_id", 2]]
  [1m[35mCACHE (0.0ms)[0m  SELECT  "apps".* FROM "apps" WHERE "apps"."category_id" = ? LIMIT 4  [["category_id", 2]]
  [1m[36mApp Load (0.1ms)[0m  [1mSELECT  "apps".* FROM "apps" WHERE "apps"."category_id" = ? LIMIT 4[0m  [["category_id", 3]]
  Rendered demo/hello.html.erb within layouts/application (66.5ms)
  [1m[35mUser Load (0.2ms)[0m  SELECT  "users".* FROM "users" WHERE "users"."id" = ?  ORDER BY "users"."id" ASC LIMIT 1  [["id", 1]]
  [1m[36mCategory Load (0.2ms)[0m  [1mSELECT "categories".* FROM "categories"[0m
Completed 200 OK in 95ms (Views: 92.8ms | ActiveRecord: 0.9ms)


Started GET "/" for ::1 at 2016-05-05 10:19:44 +0200
Processing by DemoController#hello as HTML
  [1m[35mApp Load (0.2ms)[0m  SELECT  "apps".* FROM "apps" WHERE "apps"."category_id" = ?  ORDER BY "apps"."id" ASC LIMIT 4  [["category_id", 1]]
  [1m[36mCategory Load (0.2ms)[0m  [1mSELECT  "categories".* FROM "categories" WHERE "categories"."id" = ? LIMIT 1[0m  [["id", 1]]
  [1m[35mApp Load (0.1ms)[0m  SELECT  "apps".* FROM "apps" WHERE "apps"."category_id" = ? LIMIT 4  [["category_id", 2]]
  [1m[36mCACHE (0.0ms)[0m  [1mSELECT  "apps".* FROM "apps" WHERE "apps"."category_id" = ? LIMIT 4[0m  [["category_id", 2]]
  [1m[35mApp Load (0.1ms)[0m  SELECT  "apps".* FROM "apps" WHERE "apps"."category_id" = ? LIMIT 4  [["category_id", 3]]
  Rendered demo/hello.html.erb within layouts/application (58.6ms)
  [1m[36mUser Load (0.2ms)[0m  [1mSELECT  "users".* FROM "users" WHERE "users"."id" = ?  ORDER BY "users"."id" ASC LIMIT 1[0m  [["id", 1]]
  [1m[35mCategory Load (0.2ms)[0m  SELECT "categories".* FROM "categories"
Completed 200 OK in 83ms (Views: 81.0ms | ActiveRecord: 0.9ms)


Started GET "/" for ::1 at 2016-05-05 10:19:44 +0200
Processing by DemoController#hello as HTML
  [1m[36mApp Load (0.1ms)[0m  [1mSELECT  "apps".* FROM "apps" WHERE "apps"."category_id" = ?  ORDER BY "apps"."id" ASC LIMIT 4[0m  [["category_id", 1]]
  [1m[35mCategory Load (0.2ms)[0m  SELECT  "categories".* FROM "categories" WHERE "categories"."id" = ? LIMIT 1  [["id", 1]]
  [1m[36mApp Load (0.1ms)[0m  [1mSELECT  "apps".* FROM "apps" WHERE "apps"."category_id" = ? LIMIT 4[0m  [["category_id", 2]]
  [1m[35mCACHE (0.0ms)[0m  SELECT  "apps".* FROM "apps" WHERE "apps"."category_id" = ? LIMIT 4  [["category_id", 2]]
  [1m[36mApp Load (0.1ms)[0m  [1mSELECT  "apps".* FROM "apps" WHERE "apps"."category_id" = ? LIMIT 4[0m  [["category_id", 3]]
  Rendered demo/hello.html.erb within layouts/application (67.4ms)
  [1m[35mUser Load (0.1ms)[0m  SELECT  "users".* FROM "users" WHERE "users"."id" = ?  ORDER BY "users"."id" ASC LIMIT 1  [["id", 1]]
  [1m[36mCategory Load (0.2ms)[0m  [1mSELECT "categories".* FROM "categories"[0m
Completed 200 OK in 91ms (Views: 88.8ms | ActiveRecord: 0.8ms)


Started GET "/apps" for ::1 at 2016-05-05 10:19:48 +0200
Processing by AppsController#index as HTML
  [1m[35mApp Load (0.2ms)[0m  SELECT "apps".* FROM "apps"
  [1m[36mCategory Load (0.2ms)[0m  [1mSELECT  "categories".* FROM "categories" WHERE "categories"."id" = ? LIMIT 1[0m  [["id", 1]]
  Rendered apps/index.html.erb within layouts/application (5.3ms)
  [1m[35mUser Load (0.1ms)[0m  SELECT  "users".* FROM "users" WHERE "users"."id" = ?  ORDER BY "users"."id" ASC LIMIT 1  [["id", 1]]
  [1m[36mCategory Load (0.2ms)[0m  [1mSELECT "categories".* FROM "categories"[0m
Completed 200 OK in 80ms (Views: 78.4ms | ActiveRecord: 0.8ms)


Started GET "/apps/new" for ::1 at 2016-05-05 10:20:28 +0200
Processing by AppsController#new as HTML
  [1m[35mUser Load (0.2ms)[0m  SELECT  "users".* FROM "users" WHERE "users"."id" = ?  ORDER BY "users"."id" ASC LIMIT 1  [["id", 1]]
  [1m[36mCategory Load (0.2ms)[0m  [1mSELECT "categories".* FROM "categories"  ORDER BY "categories"."name" ASC[0m
  Rendered apps/_form.html.erb (6.3ms)
  Rendered apps/new.html.erb within layouts/application (8.5ms)
  [1m[35mCategory Load (0.2ms)[0m  SELECT "categories".* FROM "categories"
Completed 200 OK in 173ms (Views: 162.5ms | ActiveRecord: 0.6ms)
